<?xml version="1.0" encoding="UTF-8"?>
<!-- Generated by org.testng.reporters.JUnitReportReporter -->
<testsuite hostname="DESKTOP-H1GBL1H" failures="0" tests="1" name="Tests.CategoryTests" time="8.674" errors="0" timestamp="2021-08-15T23:01:29 IST" skipped="0">
  <testcase classname="Tests.CategoryTests" name="validatecategorypage" time="8.674"/>
  <system-out/>
</testsuite> <!-- Tests.CategoryTests -->
