<?xml version="1.0" encoding="UTF-8"?>
<!-- Generated by org.testng.reporters.JUnitReportReporter -->
<testsuite hostname="DESKTOP-H1GBL1H" failures="0" tests="10" name="Tests.CategoryListTests" time="194.694" errors="0" timestamp="2021-08-16T17:13:48 IST" skipped="0">
  <testcase classname="Tests.CategoryListTests" name="validatecategorylistcolumnnamesincategorypageJJA_11" time="9.464"/>
  <system-out/>
  <testcase classname="Tests.CategoryListTests" name="ValidateeditanddeleteiconinActioncolumnJJA_55" time="36.336"/>
  <system-out/>
  <testcase classname="Tests.CategoryListTests" name="ValidatetitleinnotificationpanelofcategorypageJJA_47" time="7.520"/>
  <system-out/>
  <testcase classname="Tests.CategoryListTests" name="ValidatetitleundertitlecolumnincategorypageJJA_26" time="30.068"/>
  <system-out/>
  <testcase classname="Tests.CategoryListTests" name="validatecategorylistpageJJA_10" time="9.772"/>
  <system-out/>
  <testcase classname="Tests.CategoryListTests" name="ValidatecategorytitleimageiconunderimagecolumnJJA_37" time="21.778"/>
  <system-out/>
  <testcase classname="Tests.CategoryListTests" name="ValidatestatusincategorylistpageJJA_39" time="21.196"/>
  <system-out/>
  <testcase classname="Tests.CategoryListTests" name="validateupdateddateformatincategorypageJJA_36" time="25.439"/>
  <system-out/>
  <testcase classname="Tests.CategoryListTests" name="ValidateSNOcolumninAscendingorderJJA_12" time="10.076"/>
  <system-out/>
  <testcase classname="Tests.CategoryListTests" name="ValidatedetailsunderdetailscolumnincategorypageJJA_35" time="23.045"/>
  <system-out/>
</testsuite> <!-- Tests.CategoryListTests -->
